  ConsoleApplication3.cpp
C:\Users\HONOR\Documents\GitHub\l12\ConsoleApplication3\ConsoleApplication3.cpp(17,16): warning C4244: =: преобразование "int" в "_Ty", возможна потеря данных
          with
          [
              _Ty=float
          ]
C:\Users\HONOR\Documents\GitHub\l12\ConsoleApplication3\ConsoleApplication3.cpp(20,15): warning C4244: =: преобразование "_Ty" в "int", возможна потеря данных
          with
          [
              _Ty=float
          ]
C:\Users\HONOR\Documents\GitHub\l12\ConsoleApplication3\ConsoleApplication3.cpp(47,21): warning C4244: аргумент: преобразование "int" в "_Ty", возможна потеря данных
          with
          [
              _Ty=float
          ]
C:\Users\HONOR\Documents\GitHub\l12\ConsoleApplication3\ConsoleApplication3.cpp(50,15): warning C4244: =: преобразование "_Ty" в "int", возможна потеря данных
          with
          [
              _Ty=float
          ]
C:\Users\HONOR\Documents\GitHub\l12\ConsoleApplication3\ConsoleApplication3.cpp(80,15): warning C4244: аргумент: преобразование "int" в "_Ty", возможна потеря данных
          with
          [
              _Ty=float
          ]
C:\Users\HONOR\Documents\GitHub\l12\ConsoleApplication3\ConsoleApplication3.cpp(113,19): warning C4244: аргумент: преобразование "int" в "_Ty", возможна потеря данных
          with
          [
              _Ty=float
          ]
C:\Users\HONOR\Documents\GitHub\l12\ConsoleApplication3\ConsoleApplication3.cpp(116,13): warning C4244: =: преобразование "_Ty" в "int", возможна потеря данных
          with
          [
              _Ty=float
          ]
  ConsoleApplication3.vcxproj -> C:\Users\HONOR\Documents\GitHub\l12\Debug\ConsoleApplication3.exe
